<?xml version="1.0" encoding="UTF-8" ?>
<testsuite errors="0" failures="2" hostname="janek-lap" name="pl.edu.agh.ftj.datamining.dbapi.webservice.WSIntegrationTest" tests="2" time="13.417" timestamp="2011-05-29T09:56:06">
  <properties>
[...]
</properties>
  <testcase classname="pl.edu.agh.ftj.datamining.dbapi.webservice.WSIntegrationTest" name="testDataSourceList" time="13.249">
    <failure type="junit.framework.AssertionFailedError">junit.framework.AssertionFailedError: 
	at pl.edu.agh.ftj.datamining.dbapi.webservice.WSIntegrationTest.testDataSourceList(WSIntegrationTest.java:47)
</failure>
  </testcase>
  <testcase classname="pl.edu.agh.ftj.datamining.dbapi.webservice.WSIntegrationTest" name="testDataSource" time="0.0060">
    <failure type="junit.framework.AssertionFailedError">junit.framework.AssertionFailedError: 
	at pl.edu.agh.ftj.datamining.dbapi.webservice.WSIntegrationTest.testDataSource(WSIntegrationTest.java:63)
</failure>
  </testcase>
  <system-out><![CDATA[nullnull]]></system-out>
  <system-err><![CDATA[org.apache.axis2.deployment.DeploymentException: org/apache/commons/httpclient/HttpException
	at org.apache.axis2.deployment.AxisConfigBuilder.processTransportSenders(AxisConfigBuilder.java:552)
	at org.apache.axis2.deployment.AxisConfigBuilder.populateConfig(AxisConfigBuilder.java:112)
	at org.apache.axis2.deployment.DeploymentEngine.populateAxisConfiguration(DeploymentEngine.java:615)
	at org.apache.axis2.deployment.FileSystemConfigurator.getAxisConfiguration(FileSystemConfigurator.java:115)
	at org.apache.axis2.context.ConfigurationContextFactory.createConfigurationContext(ConfigurationContextFactory.java:64)
	at org.apache.axis2.context.ConfigurationContextFactory.createConfigurationContextFromFileSystem(ConfigurationContextFactory.java:180)
	at org.apache.axis2.jaxws.ClientConfigurationFactory.getClientConfigurationContext(ClientConfigurationFactory.java:49)
	at org.apache.axis2.jaxws.description.impl.DescriptionFactoryImpl.createServiceDescription(DescriptionFactoryImpl.java:74)
	at org.apache.axis2.jaxws.description.DescriptionFactory.createServiceDescription(DescriptionFactory.java:69)
	at org.apache.axis2.jaxws.spi.ServiceDelegate.<init>(ServiceDelegate.java:87)
	at org.apache.axis2.jaxws.spi.Provider.createServiceDelegate(Provider.java:45)
	at javax.xml.ws.Service.<init>(Service.java:57)
	at pl.edu.agh.ftj.datamining.dbapi.webservice.DataAccessService.<init>(DataAccessService.java:42)
	at pl.edu.agh.ftj.datamining.dbapi.webservice.WSIntegrationTest.testDataSourceList(WSIntegrationTest.java:41)
	at sun.reflect.NativeMethodAccessorImpl.invoke0(Native Method)
	at sun.reflect.NativeMethodAccessorImpl.invoke(NativeMethodAccessorImpl.java:39)
	at sun.reflect.DelegatingMethodAccessorImpl.invoke(DelegatingMethodAccessorImpl.java:25)
	at java.lang.reflect.Method.invoke(Method.java:597)
	at org.junit.runners.model.FrameworkMethod$1.runReflectiveCall(FrameworkMethod.java:44)
	at org.junit.internal.runners.model.ReflectiveCallable.run(ReflectiveCallable.java:15)
	at org.junit.runners.model.FrameworkMethod.invokeExplosively(FrameworkMethod.java:41)
	at org.junit.internal.runners.statements.InvokeMethod.evaluate(InvokeMethod.java:20)
	at org.junit.internal.runners.statements.RunBefores.evaluate(RunBefores.java:28)
	at org.junit.internal.runners.statements.RunAfters.evaluate(RunAfters.java:31)
	at org.junit.runners.BlockJUnit4ClassRunner.runChild(BlockJUnit4ClassRunner.java:73)
	at org.junit.runners.BlockJUnit4ClassRunner.runChild(BlockJUnit4ClassRunner.java:46)
	at org.junit.runners.ParentRunner.runChildren(ParentRunner.java:180)
	at org.junit.runners.ParentRunner.access$000(ParentRunner.java:41)
	at org.junit.runners.ParentRunner$1.evaluate(ParentRunner.java:173)
	at org.junit.internal.runners.statements.RunBefores.evaluate(RunBefores.java:28)
	at org.junit.internal.runners.statements.RunAfters.evaluate(RunAfters.java:31)
	at org.junit.runners.ParentRunner.run(ParentRunner.java:220)
	at junit.framework.JUnit4TestAdapter.run(JUnit4TestAdapter.java:39)
	at org.apache.tools.ant.taskdefs.optional.junit.JUnitTestRunner.run(JUnitTestRunner.java:422)
	at org.apache.tools.ant.taskdefs.optional.junit.JUnitTestRunner.launch(JUnitTestRunner.java:931)
	at org.apache.tools.ant.taskdefs.optional.junit.JUnitTestRunner.main(JUnitTestRunner.java:785)
Caused by: java.lang.NoClassDefFoundError: org/apache/commons/httpclient/HttpException
	at java.lang.Class.getDeclaredConstructors0(Native Method)
	at java.lang.Class.privateGetDeclaredConstructors(Class.java:2389)
	at java.lang.Class.getConstructor0(Class.java:2699)
	at java.lang.Class.newInstance0(Class.java:326)
	at java.lang.Class.newInstance(Class.java:308)
	at org.apache.axis2.deployment.AxisConfigBuilder.processTransportSenders(AxisConfigBuilder.java:537)
	... 35 more
Caused by: java.lang.ClassNotFoundException: org.apache.commons.httpclient.HttpException
	at java.net.URLClassLoader$1.run(URLClassLoader.java:202)
	at java.security.AccessController.doPrivileged(Native Method)
	at java.net.URLClassLoader.findClass(URLClassLoader.java:190)
	at java.lang.ClassLoader.loadClass(ClassLoader.java:307)
	at sun.misc.Launcher$AppClassLoader.loadClass(Launcher.java:301)
	at java.lang.ClassLoader.loadClass(ClassLoader.java:248)
	... 41 more
]]></system-err>
</testsuite>
